SF:lib/presentation/pages/chart.dart
DA:4,2
DA:6,0
DA:7,0
DA:11,0
DA:13,0
LF:5
LH:1
end_of_record
SF:lib/presentation/route/router_router.dart
DA:9,1
DA:10,1
DA:11,1
DA:12,3
DA:14,1
DA:15,3
DA:17,0
DA:18,0
DA:20,0
DA:21,0
DA:22,0
DA:24,0
DA:25,0
DA:28,0
LF:14
LH:6
end_of_record
SF:lib/presentation/pages/login.dart
DA:4,0
DA:6,0
DA:7,0
DA:11,0
DA:13,0
DA:14,0
DA:16,0
DA:17,0
DA:21,0
DA:22,0
DA:24,0
LF:11
LH:0
end_of_record
SF:lib/presentation/pages/registration.dart
DA:5,0
DA:7,0
DA:8,0
DA:12,0
DA:14,0
DA:15,0
DA:16,0
DA:17,0
DA:21,0
DA:22,0
DA:24,0
DA:27,0
LF:12
LH:0
end_of_record
SF:lib/presentation/pages/welcome.dart
DA:4,0
DA:6,0
DA:7,0
DA:11,0
DA:13,0
LF:5
LH:0
end_of_record
